mode: atomic
github.com/orlandoburli/feature-bacon/internal/configfile/loader.go:44.39,46.35 2 18
github.com/orlandoburli/feature-bacon/internal/configfile/loader.go:46.35,48.3 1 4
github.com/orlandoburli/feature-bacon/internal/configfile/loader.go:49.2,49.15 1 14
github.com/orlandoburli/feature-bacon/internal/configfile/loader.go:53.83,58.9 4 160
github.com/orlandoburli/feature-bacon/internal/configfile/loader.go:58.9,60.3 1 1
github.com/orlandoburli/feature-bacon/internal/configfile/loader.go:61.2,61.28 1 159
github.com/orlandoburli/feature-bacon/internal/configfile/loader.go:65.65,70.9 4 158
github.com/orlandoburli/feature-bacon/internal/configfile/loader.go:70.9,72.3 1 2
github.com/orlandoburli/feature-bacon/internal/configfile/loader.go:74.2,75.23 2 156
github.com/orlandoburli/feature-bacon/internal/configfile/loader.go:75.23,77.3 1 261
github.com/orlandoburli/feature-bacon/internal/configfile/loader.go:78.2,78.18 1 156
github.com/orlandoburli/feature-bacon/internal/configfile/loader.go:82.32,84.16 2 70
github.com/orlandoburli/feature-bacon/internal/configfile/loader.go:84.16,86.3 1 2
github.com/orlandoburli/feature-bacon/internal/configfile/loader.go:88.2,89.18 2 68
github.com/orlandoburli/feature-bacon/internal/configfile/loader.go:89.18,91.3 1 3
github.com/orlandoburli/feature-bacon/internal/configfile/loader.go:91.8,93.3 1 65
github.com/orlandoburli/feature-bacon/internal/configfile/loader.go:94.2,94.16 1 68
github.com/orlandoburli/feature-bacon/internal/configfile/loader.go:94.16,96.3 1 3
github.com/orlandoburli/feature-bacon/internal/configfile/loader.go:98.2,101.12 4 65
github.com/orlandoburli/feature-bacon/internal/configfile/loader.go:106.50,111.6 4 0
github.com/orlandoburli/feature-bacon/internal/configfile/loader.go:111.6,112.10 1 0
github.com/orlandoburli/feature-bacon/internal/configfile/loader.go:113.21,114.10 1 0
github.com/orlandoburli/feature-bacon/internal/configfile/loader.go:115.13,116.37 1 0
github.com/orlandoburli/feature-bacon/internal/configfile/loader.go:116.37,118.5 1 0
github.com/orlandoburli/feature-bacon/internal/configfile/loader.go:118.10,120.5 1 0
github.com/orlandoburli/feature-bacon/internal/configfile/loader.go:125.82,127.16 2 65
github.com/orlandoburli/feature-bacon/internal/configfile/loader.go:127.16,129.3 1 0
github.com/orlandoburli/feature-bacon/internal/configfile/loader.go:131.2,132.49 2 65
github.com/orlandoburli/feature-bacon/internal/configfile/loader.go:132.49,134.3 1 1
github.com/orlandoburli/feature-bacon/internal/configfile/loader.go:136.2,136.25 1 64
github.com/orlandoburli/feature-bacon/internal/configfile/loader.go:136.25,138.3 1 63
github.com/orlandoburli/feature-bacon/internal/configfile/loader.go:140.2,141.49 2 1
github.com/orlandoburli/feature-bacon/internal/configfile/loader.go:141.49,143.3 1 0
github.com/orlandoburli/feature-bacon/internal/configfile/loader.go:145.2,147.4 1 1
github.com/orlandoburli/feature-bacon/internal/configfile/loader.go:150.86,152.16 2 3
github.com/orlandoburli/feature-bacon/internal/configfile/loader.go:152.16,154.3 1 0
github.com/orlandoburli/feature-bacon/internal/configfile/loader.go:156.2,157.32 2 3
github.com/orlandoburli/feature-bacon/internal/configfile/loader.go:157.32,158.20 1 4
github.com/orlandoburli/feature-bacon/internal/configfile/loader.go:158.20,159.12 1 0
github.com/orlandoburli/feature-bacon/internal/configfile/loader.go:161.3,162.76 2 4
github.com/orlandoburli/feature-bacon/internal/configfile/loader.go:162.76,163.12 1 1
github.com/orlandoburli/feature-bacon/internal/configfile/loader.go:166.3,168.17 3 3
github.com/orlandoburli/feature-bacon/internal/configfile/loader.go:168.17,170.4 1 0
github.com/orlandoburli/feature-bacon/internal/configfile/loader.go:172.3,173.50 2 3
github.com/orlandoburli/feature-bacon/internal/configfile/loader.go:173.50,175.4 1 0
github.com/orlandoburli/feature-bacon/internal/configfile/loader.go:177.3,177.51 1 3
github.com/orlandoburli/feature-bacon/internal/configfile/loader.go:180.2,180.28 1 3
github.com/orlandoburli/feature-bacon/internal/configfile/loader.go:183.103,185.31 2 67
github.com/orlandoburli/feature-bacon/internal/configfile/loader.go:185.31,187.27 2 124
github.com/orlandoburli/feature-bacon/internal/configfile/loader.go:187.27,189.19 2 184
github.com/orlandoburli/feature-bacon/internal/configfile/loader.go:189.19,191.5 1 2
github.com/orlandoburli/feature-bacon/internal/configfile/loader.go:192.4,192.49 1 182
github.com/orlandoburli/feature-bacon/internal/configfile/loader.go:192.49,194.5 1 2
github.com/orlandoburli/feature-bacon/internal/configfile/loader.go:195.4,195.16 1 182
github.com/orlandoburli/feature-bacon/internal/configfile/loader.go:197.3,197.16 1 122
github.com/orlandoburli/feature-bacon/internal/configfile/loader.go:199.2,199.18 1 65
